<?xml version="1.0" encoding="UTF-8"?>
<!-- Generated by org.testng.reporters.JUnitReportReporter -->
<testsuite skipped="0" hostname="D-184003222" name="com.wipro.chcare.ccc.openCart004_AddingPhonesToTheCart" tests="5" failures="0" timestamp="03 Apr 2018 08:15:33 GMT" time="120.772" errors="0">
  <testcase name="openApp" time="7.238" classname="com.wipro.chcare.ccc.openCart004_AddingPhonesToTheCart"/>
  <testcase name="homePageNavigation" time="0.421" classname="com.wipro.chcare.ccc.openCart004_AddingPhonesToTheCart"/>
  <testcase name="loginApp" time="1.527" classname="com.wipro.chcare.ccc.openCart004_AddingPhonesToTheCart"/>
  <testcase name="AddingPhonesToTheCart" time="44.333" classname="com.wipro.chcare.ccc.openCart004_AddingPhonesToTheCart"/>
  <testcase name="billingDetails" time="67.253" classname="com.wipro.chcare.ccc.openCart004_AddingPhonesToTheCart"/>
</testsuite> <!-- com.wipro.chcare.ccc.openCart004_AddingPhonesToTheCart -->
