<?xml version="1.0" encoding="UTF-8"?>
<!-- Generated by org.testng.reporters.JUnitReportReporter -->
<testsuite skipped="0" hostname="D-184003222" name="com.wipro.chcare.ccc.opencart_datadriven" tests="10" failures="0" timestamp="27 Feb 2018 11:31:29 GMT" time="28.265" errors="0">
  <testcase name="registration" time="3.353" classname="com.wipro.chcare.ccc.opencart_datadriven"/>
  <testcase name="registration" time="2.959" classname="com.wipro.chcare.ccc.opencart_datadriven"/>
  <testcase name="registration" time="2.934" classname="com.wipro.chcare.ccc.opencart_datadriven"/>
  <testcase name="registration" time="2.898" classname="com.wipro.chcare.ccc.opencart_datadriven"/>
  <testcase name="registration" time="3.018" classname="com.wipro.chcare.ccc.opencart_datadriven"/>
  <testcase name="openApp" time="1.507" classname="com.wipro.chcare.ccc.opencart_datadriven"/>
  <testcase name="registration" time="2.828" classname="com.wipro.chcare.ccc.opencart_datadriven"/>
  <testcase name="registration" time="2.808" classname="com.wipro.chcare.ccc.opencart_datadriven"/>
  <testcase name="registration" time="2.898" classname="com.wipro.chcare.ccc.opencart_datadriven"/>
  <testcase name="registration" time="3.062" classname="com.wipro.chcare.ccc.opencart_datadriven"/>
</testsuite> <!-- com.wipro.chcare.ccc.opencart_datadriven -->
