<?xml version="1.0" encoding="UTF-8"?>
<!-- Generated by org.testng.reporters.JUnitReportReporter -->
<testsuite skipped="0" hostname="D-184003222" name="com.wipro.chcare.ccc.openCart007_Addingallproductsfromcategory" tests="3" failures="0" timestamp="03 Apr 2018 07:53:49 GMT" time="39.016" errors="0">
  <testcase name="loginApp" time="5.434" classname="com.wipro.chcare.ccc.openCart007_Addingallproductsfromcategory"/>
  <testcase name="addingAllProducts" time="29.403" classname="com.wipro.chcare.ccc.openCart007_Addingallproductsfromcategory"/>
  <testcase name="openApp" time="4.179" classname="com.wipro.chcare.ccc.openCart007_Addingallproductsfromcategory"/>
</testsuite> <!-- com.wipro.chcare.ccc.openCart007_Addingallproductsfromcategory -->
