<?xml version="1.0" encoding="UTF-8"?>
<!-- Generated by org.testng.reporters.JUnitReportReporter -->
<testsuite skipped="0" hostname="D-184003222" name="com.wipro.chcare.ccc.openCart005_GiftVoucher" tests="3" failures="0" timestamp="03 Apr 2018 08:02:02 GMT" time="53.593" errors="0">
  <testcase name="Gift_Vouchers" time="46.226" classname="com.wipro.chcare.ccc.openCart005_GiftVoucher"/>
  <testcase name="openApp" time="6.397" classname="com.wipro.chcare.ccc.openCart005_GiftVoucher"/>
  <testcase name="loginapp" time="0.970" classname="com.wipro.chcare.ccc.openCart005_GiftVoucher"/>
</testsuite> <!-- com.wipro.chcare.ccc.openCart005_GiftVoucher -->
