<?xml version="1.0" encoding="UTF-8"?>
<!-- Generated by org.testng.reporters.JUnitReportReporter -->
<testsuite skipped="0" hostname="D-184003222" name="com.wipro.chcare.ccc.openCart001_Registration2_updated" tests="5" failures="0" timestamp="03 Apr 2018 09:18:52 GMT" time="85.739" errors="0">
  <testcase name="reviewProd" time="29.624" classname="com.wipro.chcare.ccc.openCart001_Registration2_updated"/>
  <testcase name="reviewProd" time="23.952" classname="com.wipro.chcare.ccc.openCart001_Registration2_updated"/>
  <testcase name="openApp" time="10.116" classname="com.wipro.chcare.ccc.openCart001_Registration2_updated"/>
  <testcase name="registration" time="7.894" classname="com.wipro.chcare.ccc.openCart001_Registration2_updated"/>
  <testcase name="addToWishList" time="14.153" classname="com.wipro.chcare.ccc.openCart001_Registration2_updated"/>
</testsuite> <!-- com.wipro.chcare.ccc.openCart001_Registration2_updated -->
