<?xml version="1.0" encoding="UTF-8"?>
<!-- Generated by org.testng.reporters.JUnitReportReporter -->
<testsuite skipped="0" hostname="D-184003222" name="com.wipro.chcare.ccc.openCart003_ProductComparison" tests="2" failures="0" timestamp="03 Apr 2018 08:51:23 GMT" time="115.713" errors="0">
  <testcase name="productComparison" time="111.436" classname="com.wipro.chcare.ccc.openCart003_ProductComparison"/>
  <testcase name="openApp" time="4.277" classname="com.wipro.chcare.ccc.openCart003_ProductComparison"/>
</testsuite> <!-- com.wipro.chcare.ccc.openCart003_ProductComparison -->
