<?xml version="1.0" encoding="UTF-8"?>
<!-- Generated by org.testng.reporters.JUnitReportReporter -->
<testsuite skipped="0" hostname="D-184003222" name="com.wipro.chcare.ccc.opencart008_PrintingtheNumberoflinks" tests="2" failures="0" timestamp="03 Apr 2018 07:51:37 GMT" time="38.207" errors="0">
  <testcase name="Login" time="23.477" classname="com.wipro.chcare.ccc.opencart008_PrintingtheNumberoflinks"/>
  <testcase name="openApp" time="14.730" classname="com.wipro.chcare.ccc.opencart008_PrintingtheNumberoflinks"/>
</testsuite> <!-- com.wipro.chcare.ccc.opencart008_PrintingtheNumberoflinks -->
