<?xml version="1.0" encoding="UTF-8"?>
<!-- Generated by org.testng.reporters.JUnitReportReporter -->
<testsuite skipped="0" hostname="D-184003222" name="com.wipro.chcare.ccc.openCart006_performingActions_Totalamount" tests="3" failures="0" timestamp="03 Apr 2018 07:56:17 GMT" time="19.945" errors="0">
  <testcase name="performingActions" time="12.601" classname="com.wipro.chcare.ccc.openCart006_performingActions_Totalamount"/>
  <testcase name="openApp" time="5.310" classname="com.wipro.chcare.ccc.openCart006_performingActions_Totalamount"/>
  <testcase name="loginApp" time="2.034" classname="com.wipro.chcare.ccc.openCart006_performingActions_Totalamount"/>
</testsuite> <!-- com.wipro.chcare.ccc.openCart006_performingActions_Totalamount -->
